{"/home/wicked/frontend-project-lvl2/index.js": {"path":"/home/wicked/frontend-project-lvl2/index.js","all":false,"statementMap":{"0":{"start":{"line":1,"column":0},"end":{"line":1,"column":23}},"1":{"start":{"line":2,"column":0},"end":{"line":2,"column":39}},"2":{"start":{"line":3,"column":0},"end":{"line":3,"column":52}},"3":{"start":{"line":4,"column":0},"end":{"line":4,"column":0}},"4":{"start":{"line":5,"column":0},"end":{"line":5,"column":40}},"5":{"start":{"line":6,"column":0},"end":{"line":6,"column":49}},"6":{"start":{"line":7,"column":0},"end":{"line":7,"column":43}},"7":{"start":{"line":8,"column":0},"end":{"line":8,"column":39}},"8":{"start":{"line":9,"column":0},"end":{"line":9,"column":52}},"9":{"start":{"line":10,"column":0},"end":{"line":10,"column":61}},"10":{"start":{"line":11,"column":0},"end":{"line":11,"column":14}},"11":{"start":{"line":12,"column":0},"end":{"line":12,"column":12}},"12":{"start":{"line":13,"column":0},"end":{"line":13,"column":23}},"13":{"start":{"line":14,"column":0},"end":{"line":14,"column":49}},"14":{"start":{"line":15,"column":0},"end":{"line":15,"column":8}},"15":{"start":{"line":16,"column":0},"end":{"line":16,"column":5}},"16":{"start":{"line":17,"column":0},"end":{"line":17,"column":64}},"17":{"start":{"line":18,"column":0},"end":{"line":18,"column":14}},"18":{"start":{"line":19,"column":0},"end":{"line":19,"column":12}},"19":{"start":{"line":20,"column":0},"end":{"line":20,"column":22}},"20":{"start":{"line":21,"column":0},"end":{"line":21,"column":22}},"21":{"start":{"line":22,"column":0},"end":{"line":22,"column":8}},"22":{"start":{"line":23,"column":0},"end":{"line":23,"column":5}},"23":{"start":{"line":24,"column":0},"end":{"line":24,"column":64}},"24":{"start":{"line":25,"column":0},"end":{"line":25,"column":14}},"25":{"start":{"line":26,"column":0},"end":{"line":26,"column":12}},"26":{"start":{"line":27,"column":0},"end":{"line":27,"column":24}},"27":{"start":{"line":28,"column":0},"end":{"line":28,"column":22}},"28":{"start":{"line":29,"column":0},"end":{"line":29,"column":8}},"29":{"start":{"line":30,"column":0},"end":{"line":30,"column":5}},"30":{"start":{"line":31,"column":0},"end":{"line":31,"column":28}},"31":{"start":{"line":32,"column":0},"end":{"line":32,"column":14}},"32":{"start":{"line":33,"column":0},"end":{"line":33,"column":12}},"33":{"start":{"line":34,"column":0},"end":{"line":34,"column":26}},"34":{"start":{"line":35,"column":0},"end":{"line":35,"column":22}},"35":{"start":{"line":36,"column":0},"end":{"line":36,"column":8}},"36":{"start":{"line":37,"column":0},"end":{"line":37,"column":5}},"37":{"start":{"line":38,"column":0},"end":{"line":38,"column":12}},"38":{"start":{"line":39,"column":0},"end":{"line":39,"column":10}},"39":{"start":{"line":40,"column":0},"end":{"line":40,"column":22}},"40":{"start":{"line":41,"column":0},"end":{"line":41,"column":20}},"41":{"start":{"line":42,"column":0},"end":{"line":42,"column":23}},"42":{"start":{"line":43,"column":0},"end":{"line":43,"column":6}},"43":{"start":{"line":44,"column":0},"end":{"line":44,"column":5}},"44":{"start":{"line":45,"column":0},"end":{"line":45,"column":15}},"45":{"start":{"line":46,"column":0},"end":{"line":46,"column":2}},"46":{"start":{"line":47,"column":0},"end":{"line":47,"column":0}},"47":{"start":{"line":48,"column":0},"end":{"line":48,"column":54}},"48":{"start":{"line":49,"column":0},"end":{"line":49,"column":34}},"49":{"start":{"line":50,"column":0},"end":{"line":50,"column":34}},"50":{"start":{"line":51,"column":0},"end":{"line":51,"column":42}},"51":{"start":{"line":52,"column":0},"end":{"line":52,"column":45}},"52":{"start":{"line":53,"column":0},"end":{"line":53,"column":25}},"53":{"start":{"line":54,"column":0},"end":{"line":54,"column":2}}},"s":{"0":1,"1":1,"2":1,"3":1,"4":1,"5":25,"6":25,"7":25,"8":90,"9":90,"10":20,"11":20,"12":20,"13":20,"14":20,"15":20,"16":90,"17":25,"18":25,"19":25,"20":25,"21":25,"22":25,"23":90,"24":10,"25":10,"26":10,"27":10,"28":10,"29":10,"30":90,"31":15,"32":15,"33":15,"34":15,"35":15,"36":15,"37":20,"38":20,"39":20,"40":20,"41":20,"42":20,"43":20,"44":25,"45":25,"46":1,"47":1,"48":5,"49":5,"50":5,"51":5,"52":5,"53":5},"branchMap":{"0":{"type":"branch","line":5,"loc":{"start":{"line":5,"column":23},"end":{"line":46,"column":2}},"locations":[{"start":{"line":5,"column":23},"end":{"line":46,"column":2}}]},"1":{"type":"branch","line":8,"loc":{"start":{"line":8,"column":30},"end":{"line":44,"column":5}},"locations":[{"start":{"line":8,"column":30},"end":{"line":44,"column":5}}]},"2":{"type":"branch","line":10,"loc":{"start":{"line":10,"column":8},"end":{"line":10,"column":36}},"locations":[{"start":{"line":10,"column":8},"end":{"line":10,"column":36}}]},"3":{"type":"branch","line":10,"loc":{"start":{"line":10,"column":60},"end":{"line":16,"column":5}},"locations":[{"start":{"line":10,"column":60},"end":{"line":16,"column":5}}]},"4":{"type":"branch","line":17,"loc":{"start":{"line":17,"column":-1},"end":{"line":17,"column":9}},"locations":[{"start":{"line":17,"column":-1},"end":{"line":17,"column":9}}]},"5":{"type":"branch","line":17,"loc":{"start":{"line":17,"column":8},"end":{"line":17,"column":43}},"locations":[{"start":{"line":17,"column":8},"end":{"line":17,"column":43}}]},"6":{"type":"branch","line":17,"loc":{"start":{"line":17,"column":63},"end":{"line":23,"column":5}},"locations":[{"start":{"line":17,"column":63},"end":{"line":23,"column":5}}]},"7":{"type":"branch","line":24,"loc":{"start":{"line":24,"column":-1},"end":{"line":24,"column":43}},"locations":[{"start":{"line":24,"column":-1},"end":{"line":24,"column":43}}]},"8":{"type":"branch","line":24,"loc":{"start":{"line":24,"column":63},"end":{"line":30,"column":5}},"locations":[{"start":{"line":24,"column":63},"end":{"line":30,"column":5}}]},"9":{"type":"branch","line":31,"loc":{"start":{"line":31,"column":-1},"end":{"line":31,"column":8}},"locations":[{"start":{"line":31,"column":-1},"end":{"line":31,"column":8}}]},"10":{"type":"branch","line":31,"loc":{"start":{"line":31,"column":27},"end":{"line":37,"column":5}},"locations":[{"start":{"line":31,"column":27},"end":{"line":37,"column":5}}]},"11":{"type":"branch","line":38,"loc":{"start":{"line":38,"column":-1},"end":{"line":44,"column":5}},"locations":[{"start":{"line":38,"column":-1},"end":{"line":44,"column":5}}]},"12":{"type":"branch","line":48,"loc":{"start":{"line":48,"column":15},"end":{"line":54,"column":2}},"locations":[{"start":{"line":48,"column":15},"end":{"line":54,"column":2}}]}},"b":{"0":[25],"1":[90],"2":[30],"3":[20],"4":[70],"5":[25],"6":[25],"7":[45],"8":[10],"9":[35],"10":[15],"11":[20],"12":[5]},"fnMap":{"0":{"name":"analyzeChanges","decl":{"start":{"line":5,"column":23},"end":{"line":46,"column":2}},"loc":{"start":{"line":5,"column":23},"end":{"line":46,"column":2}},"line":5},"1":{"name":"default","decl":{"start":{"line":48,"column":15},"end":{"line":54,"column":2}},"loc":{"start":{"line":48,"column":15},"end":{"line":54,"column":2}},"line":48}},"f":{"0":25,"1":5}}
,"/home/wicked/frontend-project-lvl2/__fixtures__/correctResults/correctResult.js": {"path":"/home/wicked/frontend-project-lvl2/__fixtures__/correctResults/correctResult.js","all":false,"statementMap":{"0":{"start":{"line":1,"column":0},"end":{"line":1,"column":32}},"1":{"start":{"line":2,"column":0},"end":{"line":2,"column":42}},"2":{"start":{"line":3,"column":0},"end":{"line":3,"column":50}},"3":{"start":{"line":4,"column":0},"end":{"line":4,"column":54}},"4":{"start":{"line":5,"column":0},"end":{"line":5,"column":50}},"5":{"start":{"line":6,"column":0},"end":{"line":6,"column":51}},"6":{"start":{"line":7,"column":0},"end":{"line":7,"column":51}},"7":{"start":{"line":8,"column":0},"end":{"line":8,"column":56}},"8":{"start":{"line":9,"column":0},"end":{"line":9,"column":48}},"9":{"start":{"line":10,"column":0},"end":{"line":10,"column":53}},"10":{"start":{"line":11,"column":0},"end":{"line":11,"column":38}},"11":{"start":{"line":12,"column":0},"end":{"line":12,"column":48}},"12":{"start":{"line":13,"column":0},"end":{"line":13,"column":48}},"13":{"start":{"line":14,"column":0},"end":{"line":14,"column":50}},"14":{"start":{"line":15,"column":0},"end":{"line":15,"column":57}},"15":{"start":{"line":16,"column":0},"end":{"line":16,"column":42}},"16":{"start":{"line":17,"column":0},"end":{"line":17,"column":51}},"17":{"start":{"line":18,"column":0},"end":{"line":18,"column":50}},"18":{"start":{"line":19,"column":0},"end":{"line":19,"column":38}},"19":{"start":{"line":20,"column":0},"end":{"line":20,"column":34}},"20":{"start":{"line":21,"column":0},"end":{"line":21,"column":42}},"21":{"start":{"line":22,"column":0},"end":{"line":22,"column":45}},"22":{"start":{"line":23,"column":0},"end":{"line":23,"column":46}},"23":{"start":{"line":24,"column":0},"end":{"line":24,"column":45}},"24":{"start":{"line":25,"column":0},"end":{"line":25,"column":44}},"25":{"start":{"line":26,"column":0},"end":{"line":26,"column":51}},"26":{"start":{"line":27,"column":0},"end":{"line":27,"column":38}},"27":{"start":{"line":28,"column":0},"end":{"line":28,"column":46}},"28":{"start":{"line":29,"column":0},"end":{"line":29,"column":34}},"29":{"start":{"line":30,"column":0},"end":{"line":30,"column":42}},"30":{"start":{"line":31,"column":0},"end":{"line":31,"column":47}},"31":{"start":{"line":32,"column":0},"end":{"line":32,"column":44}},"32":{"start":{"line":33,"column":0},"end":{"line":33,"column":47}},"33":{"start":{"line":34,"column":0},"end":{"line":34,"column":38}},"34":{"start":{"line":35,"column":0},"end":{"line":35,"column":34}},"35":{"start":{"line":36,"column":0},"end":{"line":36,"column":42}},"36":{"start":{"line":37,"column":0},"end":{"line":37,"column":44}},"37":{"start":{"line":38,"column":0},"end":{"line":38,"column":46}},"38":{"start":{"line":39,"column":0},"end":{"line":39,"column":55}},"39":{"start":{"line":40,"column":0},"end":{"line":40,"column":42}},"40":{"start":{"line":41,"column":0},"end":{"line":41,"column":38}},"41":{"start":{"line":42,"column":0},"end":{"line":42,"column":48}},"42":{"start":{"line":43,"column":0},"end":{"line":43,"column":34}},"43":{"start":{"line":44,"column":0},"end":{"line":44,"column":29}},"44":{"start":{"line":45,"column":0},"end":{"line":45,"column":0}},"45":{"start":{"line":46,"column":0},"end":{"line":46,"column":81}},"46":{"start":{"line":47,"column":0},"end":{"line":47,"column":67}},"47":{"start":{"line":48,"column":0},"end":{"line":48,"column":86}},"48":{"start":{"line":49,"column":0},"end":{"line":49,"column":89}},"49":{"start":{"line":50,"column":0},"end":{"line":50,"column":93}},"50":{"start":{"line":51,"column":0},"end":{"line":51,"column":98}},"51":{"start":{"line":52,"column":0},"end":{"line":52,"column":88}},"52":{"start":{"line":53,"column":0},"end":{"line":53,"column":84}},"53":{"start":{"line":54,"column":0},"end":{"line":54,"column":94}},"54":{"start":{"line":55,"column":0},"end":{"line":55,"column":58}},"55":{"start":{"line":56,"column":0},"end":{"line":56,"column":83}},"56":{"start":{"line":57,"column":0},"end":{"line":57,"column":1036}},"57":{"start":{"line":58,"column":0},"end":{"line":58,"column":8}},"58":{"start":{"line":59,"column":0},"end":{"line":59,"column":21}},"59":{"start":{"line":60,"column":0},"end":{"line":60,"column":19}},"60":{"start":{"line":61,"column":0},"end":{"line":61,"column":18}},"61":{"start":{"line":62,"column":0},"end":{"line":62,"column":2}}},"s":{"0":1,"1":1,"2":1,"3":1,"4":1,"5":1,"6":1,"7":1,"8":1,"9":1,"10":1,"11":1,"12":1,"13":1,"14":1,"15":1,"16":1,"17":1,"18":1,"19":1,"20":1,"21":1,"22":1,"23":1,"24":1,"25":1,"26":1,"27":1,"28":1,"29":1,"30":1,"31":1,"32":1,"33":1,"34":1,"35":1,"36":1,"37":1,"38":1,"39":1,"40":1,"41":1,"42":1,"43":1,"44":1,"45":1,"46":1,"47":1,"48":1,"49":1,"50":1,"51":1,"52":1,"53":1,"54":1,"55":1,"56":1,"57":1,"58":1,"59":1,"60":1,"61":1},"branchMap":{},"b":{},"fnMap":{},"f":{}}
,"/home/wicked/frontend-project-lvl2/src/parsers.js": {"path":"/home/wicked/frontend-project-lvl2/src/parsers.js","all":false,"statementMap":{"0":{"start":{"line":1,"column":0},"end":{"line":1,"column":20}},"1":{"start":{"line":2,"column":0},"end":{"line":2,"column":24}},"2":{"start":{"line":3,"column":0},"end":{"line":3,"column":27}},"3":{"start":{"line":4,"column":0},"end":{"line":4,"column":0}},"4":{"start":{"line":5,"column":0},"end":{"line":5,"column":31}},"5":{"start":{"line":6,"column":0},"end":{"line":6,"column":34}},"6":{"start":{"line":7,"column":0},"end":{"line":7,"column":20}},"7":{"start":{"line":8,"column":0},"end":{"line":8,"column":3}},"8":{"start":{"line":9,"column":0},"end":{"line":9,"column":67}},"9":{"start":{"line":10,"column":0},"end":{"line":10,"column":2}},"10":{"start":{"line":11,"column":0},"end":{"line":11,"column":0}},"11":{"start":{"line":12,"column":0},"end":{"line":12,"column":26}},"12":{"start":{"line":13,"column":0},"end":{"line":13,"column":58}},"13":{"start":{"line":14,"column":0},"end":{"line":14,"column":39}},"14":{"start":{"line":15,"column":0},"end":{"line":15,"column":31}},"15":{"start":{"line":16,"column":0},"end":{"line":16,"column":3}},"16":{"start":{"line":17,"column":0},"end":{"line":17,"column":72}},"17":{"start":{"line":18,"column":0},"end":{"line":18,"column":30}},"18":{"start":{"line":19,"column":0},"end":{"line":19,"column":3}},"19":{"start":{"line":20,"column":0},"end":{"line":20,"column":15}},"20":{"start":{"line":21,"column":0},"end":{"line":21,"column":2}}},"s":{"0":1,"1":1,"2":1,"3":1,"4":1,"5":10,"6":0,"7":0,"8":10,"9":10,"10":1,"11":1,"12":10,"13":10,"14":6,"15":6,"16":10,"17":4,"18":4,"19":0,"20":0},"branchMap":{"0":{"type":"branch","line":5,"loc":{"start":{"line":5,"column":17},"end":{"line":10,"column":2}},"locations":[{"start":{"line":5,"column":17},"end":{"line":10,"column":2}}]},"1":{"type":"branch","line":6,"loc":{"start":{"line":6,"column":33},"end":{"line":8,"column":3}},"locations":[{"start":{"line":6,"column":33},"end":{"line":8,"column":3}}]},"2":{"type":"branch","line":12,"loc":{"start":{"line":12,"column":16},"end":{"line":21,"column":2}},"locations":[{"start":{"line":12,"column":16},"end":{"line":21,"column":2}}]},"3":{"type":"branch","line":14,"loc":{"start":{"line":14,"column":38},"end":{"line":16,"column":3}},"locations":[{"start":{"line":14,"column":38},"end":{"line":16,"column":3}}]},"4":{"type":"branch","line":17,"loc":{"start":{"line":17,"column":-1},"end":{"line":17,"column":10}},"locations":[{"start":{"line":17,"column":-1},"end":{"line":17,"column":10}}]},"5":{"type":"branch","line":17,"loc":{"start":{"line":17,"column":6},"end":{"line":17,"column":71}},"locations":[{"start":{"line":17,"column":6},"end":{"line":17,"column":71}}]},"6":{"type":"branch","line":17,"loc":{"start":{"line":17,"column":71},"end":{"line":19,"column":3}},"locations":[{"start":{"line":17,"column":71},"end":{"line":19,"column":3}}]},"7":{"type":"branch","line":20,"loc":{"start":{"line":20,"column":-1},"end":{"line":21,"column":2}},"locations":[{"start":{"line":20,"column":-1},"end":{"line":21,"column":2}}]}},"b":{"0":[10],"1":[0],"2":[10],"3":[6],"4":[4],"5":[0],"6":[4],"7":[0]},"fnMap":{"0":{"name":"getPath","decl":{"start":{"line":5,"column":17},"end":{"line":10,"column":2}},"loc":{"start":{"line":5,"column":17},"end":{"line":10,"column":2}},"line":5},"1":{"name":"default","decl":{"start":{"line":12,"column":16},"end":{"line":21,"column":2}},"loc":{"start":{"line":12,"column":16},"end":{"line":21,"column":2}},"line":12}},"f":{"0":10,"1":10}}
,"/home/wicked/frontend-project-lvl2/src/formatters/index.js": {"path":"/home/wicked/frontend-project-lvl2/src/formatters/index.js","all":false,"statementMap":{"0":{"start":{"line":1,"column":0},"end":{"line":1,"column":35}},"1":{"start":{"line":2,"column":0},"end":{"line":2,"column":31}},"2":{"start":{"line":3,"column":0},"end":{"line":3,"column":29}},"3":{"start":{"line":4,"column":0},"end":{"line":4,"column":0}},"4":{"start":{"line":5,"column":0},"end":{"line":5,"column":40}},"5":{"start":{"line":6,"column":0},"end":{"line":6,"column":33}},"6":{"start":{"line":7,"column":0},"end":{"line":7,"column":17}},"7":{"start":{"line":8,"column":0},"end":{"line":8,"column":3}},"8":{"start":{"line":9,"column":0},"end":{"line":9,"column":32}},"9":{"start":{"line":10,"column":0},"end":{"line":10,"column":16}},"10":{"start":{"line":11,"column":0},"end":{"line":11,"column":3}},"11":{"start":{"line":12,"column":0},"end":{"line":12,"column":17}},"12":{"start":{"line":13,"column":0},"end":{"line":13,"column":2}},"13":{"start":{"line":14,"column":0},"end":{"line":14,"column":0}},"14":{"start":{"line":15,"column":0},"end":{"line":15,"column":28}}},"s":{"0":1,"1":1,"2":1,"3":1,"4":1,"5":5,"6":2,"7":2,"8":5,"9":1,"10":1,"11":2,"12":2,"13":1,"14":1},"branchMap":{"0":{"type":"branch","line":5,"loc":{"start":{"line":5,"column":22},"end":{"line":13,"column":2}},"locations":[{"start":{"line":5,"column":22},"end":{"line":13,"column":2}}]},"1":{"type":"branch","line":6,"loc":{"start":{"line":6,"column":32},"end":{"line":8,"column":3}},"locations":[{"start":{"line":6,"column":32},"end":{"line":8,"column":3}}]},"2":{"type":"branch","line":9,"loc":{"start":{"line":9,"column":-1},"end":{"line":9,"column":6}},"locations":[{"start":{"line":9,"column":-1},"end":{"line":9,"column":6}}]},"3":{"type":"branch","line":9,"loc":{"start":{"line":9,"column":31},"end":{"line":11,"column":3}},"locations":[{"start":{"line":9,"column":31},"end":{"line":11,"column":3}}]},"4":{"type":"branch","line":12,"loc":{"start":{"line":12,"column":-1},"end":{"line":13,"column":2}},"locations":[{"start":{"line":12,"column":-1},"end":{"line":13,"column":2}}]}},"b":{"0":[5],"1":[2],"2":[3],"3":[1],"4":[2]},"fnMap":{"0":{"name":"getFormatter","decl":{"start":{"line":5,"column":22},"end":{"line":13,"column":2}},"loc":{"start":{"line":5,"column":22},"end":{"line":13,"column":2}},"line":5}},"f":{"0":5}}
,"/home/wicked/frontend-project-lvl2/src/formatters/json.js": {"path":"/home/wicked/frontend-project-lvl2/src/formatters/json.js","all":false,"statementMap":{"0":{"start":{"line":1,"column":0},"end":{"line":1,"column":23}},"1":{"start":{"line":2,"column":0},"end":{"line":2,"column":0}},"2":{"start":{"line":3,"column":0},"end":{"line":3,"column":59}}},"s":{"0":1,"1":1,"2":1},"branchMap":{"0":{"type":"branch","line":3,"loc":{"start":{"line":3,"column":16},"end":{"line":3,"column":29}},"locations":[{"start":{"line":3,"column":16},"end":{"line":3,"column":29}}]}},"b":{"0":[1]},"fnMap":{"0":{"name":"default","decl":{"start":{"line":3,"column":16},"end":{"line":3,"column":29}},"loc":{"start":{"line":3,"column":16},"end":{"line":3,"column":29}},"line":3}},"f":{"0":1}}
,"/home/wicked/frontend-project-lvl2/src/formatters/plain.js": {"path":"/home/wicked/frontend-project-lvl2/src/formatters/plain.js","all":false,"statementMap":{"0":{"start":{"line":1,"column":0},"end":{"line":1,"column":23}},"1":{"start":{"line":2,"column":0},"end":{"line":2,"column":0}},"2":{"start":{"line":3,"column":0},"end":{"line":3,"column":29}},"3":{"start":{"line":4,"column":0},"end":{"line":4,"column":27}},"4":{"start":{"line":5,"column":0},"end":{"line":5,"column":36}},"5":{"start":{"line":6,"column":0},"end":{"line":6,"column":26}},"6":{"start":{"line":7,"column":0},"end":{"line":7,"column":5}},"7":{"start":{"line":8,"column":0},"end":{"line":8,"column":22}},"8":{"start":{"line":9,"column":0},"end":{"line":9,"column":3}},"9":{"start":{"line":10,"column":0},"end":{"line":10,"column":27}},"10":{"start":{"line":11,"column":0},"end":{"line":11,"column":2}},"11":{"start":{"line":12,"column":0},"end":{"line":12,"column":0}},"12":{"start":{"line":13,"column":0},"end":{"line":13,"column":38}},"13":{"start":{"line":14,"column":0},"end":{"line":14,"column":9}},"14":{"start":{"line":15,"column":0},"end":{"line":15,"column":8}},"15":{"start":{"line":16,"column":0},"end":{"line":16,"column":9}},"16":{"start":{"line":17,"column":0},"end":{"line":17,"column":10}},"17":{"start":{"line":18,"column":0},"end":{"line":18,"column":13}},"18":{"start":{"line":19,"column":0},"end":{"line":19,"column":13}},"19":{"start":{"line":20,"column":0},"end":{"line":20,"column":10}},"20":{"start":{"line":21,"column":0},"end":{"line":21,"column":0}},"21":{"start":{"line":22,"column":0},"end":{"line":22,"column":26}},"22":{"start":{"line":23,"column":0},"end":{"line":23,"column":85}},"23":{"start":{"line":24,"column":0},"end":{"line":24,"column":3}},"24":{"start":{"line":25,"column":0},"end":{"line":25,"column":35}},"25":{"start":{"line":26,"column":0},"end":{"line":26,"column":27}},"26":{"start":{"line":27,"column":0},"end":{"line":27,"column":48}},"27":{"start":{"line":28,"column":0},"end":{"line":28,"column":3}},"28":{"start":{"line":29,"column":0},"end":{"line":29,"column":25}},"29":{"start":{"line":30,"column":0},"end":{"line":30,"column":77}},"30":{"start":{"line":31,"column":0},"end":{"line":31,"column":3}},"31":{"start":{"line":32,"column":0},"end":{"line":32,"column":27}},"32":{"start":{"line":33,"column":0},"end":{"line":33,"column":98}},"33":{"start":{"line":34,"column":0},"end":{"line":34,"column":3}},"34":{"start":{"line":35,"column":0},"end":{"line":35,"column":12}},"35":{"start":{"line":36,"column":0},"end":{"line":36,"column":2}},"36":{"start":{"line":37,"column":0},"end":{"line":37,"column":0}},"37":{"start":{"line":38,"column":0},"end":{"line":38,"column":26}},"38":{"start":{"line":39,"column":0},"end":{"line":39,"column":56}},"39":{"start":{"line":40,"column":0},"end":{"line":40,"column":32}},"40":{"start":{"line":41,"column":0},"end":{"line":41,"column":2}}},"s":{"0":1,"1":1,"2":1,"3":26,"4":20,"5":14,"6":14,"7":6,"8":6,"9":6,"10":6,"11":1,"12":1,"13":36,"14":36,"15":36,"16":36,"17":36,"18":36,"19":36,"20":36,"21":36,"22":8,"23":8,"24":28,"25":36,"26":4,"27":4,"28":36,"29":10,"30":10,"31":36,"32":8,"33":8,"34":6,"35":6,"36":1,"37":1,"38":2,"39":2,"40":2},"branchMap":{"0":{"type":"branch","line":3,"loc":{"start":{"line":3,"column":18},"end":{"line":11,"column":2}},"locations":[{"start":{"line":3,"column":18},"end":{"line":11,"column":2}}]},"1":{"type":"branch","line":4,"loc":{"start":{"line":4,"column":26},"end":{"line":9,"column":3}},"locations":[{"start":{"line":4,"column":26},"end":{"line":9,"column":3}}]},"2":{"type":"branch","line":5,"loc":{"start":{"line":5,"column":35},"end":{"line":7,"column":5}},"locations":[{"start":{"line":5,"column":35},"end":{"line":7,"column":5}}]},"3":{"type":"branch","line":8,"loc":{"start":{"line":8,"column":-1},"end":{"line":9,"column":3}},"locations":[{"start":{"line":8,"column":-1},"end":{"line":9,"column":3}}]},"4":{"type":"branch","line":10,"loc":{"start":{"line":10,"column":-1},"end":{"line":11,"column":2}},"locations":[{"start":{"line":10,"column":-1},"end":{"line":11,"column":2}}]},"5":{"type":"branch","line":13,"loc":{"start":{"line":13,"column":17},"end":{"line":36,"column":2}},"locations":[{"start":{"line":13,"column":17},"end":{"line":36,"column":2}}]},"6":{"type":"branch","line":22,"loc":{"start":{"line":22,"column":25},"end":{"line":24,"column":3}},"locations":[{"start":{"line":22,"column":25},"end":{"line":24,"column":3}}]},"7":{"type":"branch","line":25,"loc":{"start":{"line":25,"column":-1},"end":{"line":26,"column":6}},"locations":[{"start":{"line":25,"column":-1},"end":{"line":26,"column":6}}]},"8":{"type":"branch","line":26,"loc":{"start":{"line":26,"column":26},"end":{"line":28,"column":3}},"locations":[{"start":{"line":26,"column":26},"end":{"line":28,"column":3}}]},"9":{"type":"branch","line":29,"loc":{"start":{"line":29,"column":-1},"end":{"line":29,"column":6}},"locations":[{"start":{"line":29,"column":-1},"end":{"line":29,"column":6}}]},"10":{"type":"branch","line":29,"loc":{"start":{"line":29,"column":24},"end":{"line":31,"column":3}},"locations":[{"start":{"line":29,"column":24},"end":{"line":31,"column":3}}]},"11":{"type":"branch","line":32,"loc":{"start":{"line":32,"column":-1},"end":{"line":32,"column":6}},"locations":[{"start":{"line":32,"column":-1},"end":{"line":32,"column":6}}]},"12":{"type":"branch","line":32,"loc":{"start":{"line":32,"column":26},"end":{"line":34,"column":3}},"locations":[{"start":{"line":32,"column":26},"end":{"line":34,"column":3}}]},"13":{"type":"branch","line":35,"loc":{"start":{"line":35,"column":-1},"end":{"line":36,"column":2}},"locations":[{"start":{"line":35,"column":-1},"end":{"line":36,"column":2}}]},"14":{"type":"branch","line":23,"loc":{"start":{"line":23,"column":29},"end":{"line":23,"column":48}},"locations":[{"start":{"line":23,"column":29},"end":{"line":23,"column":48}}]},"15":{"type":"branch","line":38,"loc":{"start":{"line":38,"column":16},"end":{"line":41,"column":2}},"locations":[{"start":{"line":38,"column":16},"end":{"line":41,"column":2}}]},"16":{"type":"branch","line":39,"loc":{"start":{"line":39,"column":31},"end":{"line":39,"column":49}},"locations":[{"start":{"line":39,"column":31},"end":{"line":39,"column":49}}]}},"b":{"0":[26],"1":[20],"2":[14],"3":[6],"4":[6],"5":[36],"6":[8],"7":[28],"8":[4],"9":[24],"10":[10],"11":[14],"12":[8],"13":[6],"14":[28],"15":[2],"16":[8]},"fnMap":{"0":{"name":"getValue","decl":{"start":{"line":3,"column":18},"end":{"line":11,"column":2}},"loc":{"start":{"line":3,"column":18},"end":{"line":11,"column":2}},"line":3},"1":{"name":"getStyle","decl":{"start":{"line":13,"column":17},"end":{"line":36,"column":2}},"loc":{"start":{"line":13,"column":17},"end":{"line":36,"column":2}},"line":13},"2":{"name":"default","decl":{"start":{"line":38,"column":16},"end":{"line":41,"column":2}},"loc":{"start":{"line":38,"column":16},"end":{"line":41,"column":2}},"line":38}},"f":{"0":26,"1":36,"2":2}}
,"/home/wicked/frontend-project-lvl2/src/formatters/stylish.js": {"path":"/home/wicked/frontend-project-lvl2/src/formatters/stylish.js","all":false,"statementMap":{"0":{"start":{"line":1,"column":0},"end":{"line":1,"column":23}},"1":{"start":{"line":2,"column":0},"end":{"line":2,"column":0}},"2":{"start":{"line":3,"column":0},"end":{"line":3,"column":78}},"3":{"start":{"line":4,"column":0},"end":{"line":4,"column":0}},"4":{"start":{"line":5,"column":0},"end":{"line":5,"column":40}},"5":{"start":{"line":6,"column":0},"end":{"line":6,"column":27}},"6":{"start":{"line":7,"column":0},"end":{"line":7,"column":17}},"7":{"start":{"line":8,"column":0},"end":{"line":8,"column":3}},"8":{"start":{"line":9,"column":0},"end":{"line":9,"column":39}},"9":{"start":{"line":10,"column":0},"end":{"line":10,"column":23}},"10":{"start":{"line":11,"column":0},"end":{"line":11,"column":114}},"11":{"start":{"line":12,"column":0},"end":{"line":12,"column":62}},"12":{"start":{"line":13,"column":0},"end":{"line":13,"column":2}},"13":{"start":{"line":14,"column":0},"end":{"line":14,"column":0}},"14":{"start":{"line":15,"column":0},"end":{"line":15,"column":38}},"15":{"start":{"line":16,"column":0},"end":{"line":16,"column":17}},"16":{"start":{"line":17,"column":0},"end":{"line":17,"column":19}},"17":{"start":{"line":18,"column":0},"end":{"line":18,"column":17}},"18":{"start":{"line":19,"column":0},"end":{"line":19,"column":15}},"19":{"start":{"line":20,"column":0},"end":{"line":20,"column":4}},"20":{"start":{"line":21,"column":0},"end":{"line":21,"column":9}},"21":{"start":{"line":22,"column":0},"end":{"line":22,"column":8}},"22":{"start":{"line":23,"column":0},"end":{"line":23,"column":9}},"23":{"start":{"line":24,"column":0},"end":{"line":24,"column":10}},"24":{"start":{"line":25,"column":0},"end":{"line":25,"column":13}},"25":{"start":{"line":26,"column":0},"end":{"line":26,"column":13}},"26":{"start":{"line":27,"column":0},"end":{"line":27,"column":10}},"27":{"start":{"line":28,"column":0},"end":{"line":28,"column":23}},"28":{"start":{"line":29,"column":0},"end":{"line":29,"column":26}},"29":{"start":{"line":30,"column":0},"end":{"line":30,"column":81}},"30":{"start":{"line":31,"column":0},"end":{"line":31,"column":100}},"31":{"start":{"line":32,"column":0},"end":{"line":32,"column":3}},"32":{"start":{"line":33,"column":0},"end":{"line":33,"column":27}},"33":{"start":{"line":34,"column":0},"end":{"line":34,"column":94}},"34":{"start":{"line":35,"column":0},"end":{"line":35,"column":3}},"35":{"start":{"line":36,"column":0},"end":{"line":36,"column":25}},"36":{"start":{"line":37,"column":0},"end":{"line":37,"column":83}},"37":{"start":{"line":38,"column":0},"end":{"line":38,"column":3}},"38":{"start":{"line":39,"column":0},"end":{"line":39,"column":29}},"39":{"start":{"line":40,"column":0},"end":{"line":40,"column":83}},"40":{"start":{"line":41,"column":0},"end":{"line":41,"column":3}},"41":{"start":{"line":42,"column":0},"end":{"line":42,"column":157}},"42":{"start":{"line":43,"column":0},"end":{"line":43,"column":2}},"43":{"start":{"line":44,"column":0},"end":{"line":44,"column":0}},"44":{"start":{"line":45,"column":0},"end":{"line":45,"column":26}},"45":{"start":{"line":46,"column":0},"end":{"line":46,"column":52}},"46":{"start":{"line":47,"column":0},"end":{"line":47,"column":38}},"47":{"start":{"line":48,"column":0},"end":{"line":48,"column":2}}},"s":{"0":1,"1":1,"2":1,"3":1,"4":1,"5":54,"6":40,"7":40,"8":14,"9":14,"10":14,"11":14,"12":14,"13":1,"14":1,"15":36,"16":36,"17":36,"18":36,"19":36,"20":36,"21":36,"22":36,"23":36,"24":36,"25":36,"26":36,"27":36,"28":36,"29":8,"30":8,"31":8,"32":36,"33":4,"34":4,"35":36,"36":10,"37":10,"38":36,"39":6,"40":6,"41":8,"42":8,"43":1,"44":1,"45":2,"46":2,"47":2},"branchMap":{"0":{"type":"branch","line":3,"loc":{"start":{"line":3,"column":20},"end":{"line":3,"column":55}},"locations":[{"start":{"line":3,"column":20},"end":{"line":3,"column":55}}]},"1":{"type":"branch","line":5,"loc":{"start":{"line":5,"column":17},"end":{"line":13,"column":2}},"locations":[{"start":{"line":5,"column":17},"end":{"line":13,"column":2}}]},"2":{"type":"branch","line":6,"loc":{"start":{"line":6,"column":26},"end":{"line":8,"column":3}},"locations":[{"start":{"line":6,"column":26},"end":{"line":8,"column":3}}]},"3":{"type":"branch","line":9,"loc":{"start":{"line":9,"column":-1},"end":{"line":13,"column":2}},"locations":[{"start":{"line":9,"column":-1},"end":{"line":13,"column":2}}]},"4":{"type":"branch","line":11,"loc":{"start":{"line":11,"column":33},"end":{"line":11,"column":114}},"locations":[{"start":{"line":11,"column":33},"end":{"line":11,"column":114}}]},"5":{"type":"branch","line":15,"loc":{"start":{"line":15,"column":17},"end":{"line":43,"column":2}},"locations":[{"start":{"line":15,"column":17},"end":{"line":43,"column":2}}]},"6":{"type":"branch","line":29,"loc":{"start":{"line":29,"column":25},"end":{"line":32,"column":3}},"locations":[{"start":{"line":29,"column":25},"end":{"line":32,"column":3}}]},"7":{"type":"branch","line":33,"loc":{"start":{"line":33,"column":-1},"end":{"line":33,"column":6}},"locations":[{"start":{"line":33,"column":-1},"end":{"line":33,"column":6}}]},"8":{"type":"branch","line":33,"loc":{"start":{"line":33,"column":26},"end":{"line":35,"column":3}},"locations":[{"start":{"line":33,"column":26},"end":{"line":35,"column":3}}]},"9":{"type":"branch","line":36,"loc":{"start":{"line":36,"column":-1},"end":{"line":36,"column":6}},"locations":[{"start":{"line":36,"column":-1},"end":{"line":36,"column":6}}]},"10":{"type":"branch","line":36,"loc":{"start":{"line":36,"column":24},"end":{"line":38,"column":3}},"locations":[{"start":{"line":36,"column":24},"end":{"line":38,"column":3}}]},"11":{"type":"branch","line":39,"loc":{"start":{"line":39,"column":-1},"end":{"line":39,"column":6}},"locations":[{"start":{"line":39,"column":-1},"end":{"line":39,"column":6}}]},"12":{"type":"branch","line":39,"loc":{"start":{"line":39,"column":28},"end":{"line":41,"column":3}},"locations":[{"start":{"line":39,"column":28},"end":{"line":41,"column":3}}]},"13":{"type":"branch","line":42,"loc":{"start":{"line":42,"column":-1},"end":{"line":43,"column":2}},"locations":[{"start":{"line":42,"column":-1},"end":{"line":43,"column":2}}]},"14":{"type":"branch","line":30,"loc":{"start":{"line":30,"column":43},"end":{"line":30,"column":62}},"locations":[{"start":{"line":30,"column":43},"end":{"line":30,"column":62}}]},"15":{"type":"branch","line":45,"loc":{"start":{"line":45,"column":16},"end":{"line":48,"column":2}},"locations":[{"start":{"line":45,"column":16},"end":{"line":48,"column":2}}]},"16":{"type":"branch","line":46,"loc":{"start":{"line":46,"column":27},"end":{"line":46,"column":45}},"locations":[{"start":{"line":46,"column":27},"end":{"line":46,"column":45}}]}},"b":{"0":[80],"1":[54],"2":[40],"3":[14],"4":[18],"5":[36],"6":[8],"7":[28],"8":[4],"9":[24],"10":[10],"11":[14],"12":[6],"13":[8],"14":[28],"15":[2],"16":[8]},"fnMap":{"0":{"name":"getReplacer","decl":{"start":{"line":3,"column":20},"end":{"line":3,"column":55}},"loc":{"start":{"line":3,"column":20},"end":{"line":3,"column":55}},"line":3},"1":{"name":"getValue","decl":{"start":{"line":5,"column":17},"end":{"line":13,"column":2}},"loc":{"start":{"line":5,"column":17},"end":{"line":13,"column":2}},"line":5},"2":{"name":"getStyle","decl":{"start":{"line":15,"column":17},"end":{"line":43,"column":2}},"loc":{"start":{"line":15,"column":17},"end":{"line":43,"column":2}},"line":15},"3":{"name":"default","decl":{"start":{"line":45,"column":16},"end":{"line":48,"column":2}},"loc":{"start":{"line":45,"column":16},"end":{"line":48,"column":2}},"line":45}},"f":{"0":80,"1":54,"2":36,"3":2}}
}
