TN:
SF:index.js
FN:5,analyzeChanges
FN:48,default
FNF:2
FNH:2
FNDA:25,analyzeChanges
FNDA:5,default
DA:1,1
DA:2,1
DA:3,1
DA:4,1
DA:5,1
DA:6,25
DA:7,25
DA:8,25
DA:9,90
DA:10,90
DA:11,20
DA:12,20
DA:13,20
DA:14,20
DA:15,20
DA:16,20
DA:17,90
DA:18,25
DA:19,25
DA:20,25
DA:21,25
DA:22,25
DA:23,25
DA:24,90
DA:25,10
DA:26,10
DA:27,10
DA:28,10
DA:29,10
DA:30,10
DA:31,90
DA:32,15
DA:33,15
DA:34,15
DA:35,15
DA:36,15
DA:37,15
DA:38,20
DA:39,20
DA:40,20
DA:41,20
DA:42,20
DA:43,20
DA:44,20
DA:45,25
DA:46,25
DA:47,1
DA:48,1
DA:49,5
DA:50,5
DA:51,5
DA:52,5
DA:53,5
DA:54,5
LF:54
LH:54
BRDA:5,0,0,25
BRDA:8,1,0,90
BRDA:10,2,0,30
BRDA:10,3,0,20
BRDA:17,4,0,70
BRDA:17,5,0,25
BRDA:17,6,0,25
BRDA:24,7,0,45
BRDA:24,8,0,10
BRDA:31,9,0,35
BRDA:31,10,0,15
BRDA:38,11,0,20
BRDA:48,12,0,5
BRF:13
BRH:13
end_of_record
TN:
SF:__fixtures__/correctResults/correctResult.js
FNF:0
FNH:0
DA:1,1
DA:2,1
DA:3,1
DA:4,1
DA:5,1
DA:6,1
DA:7,1
DA:8,1
DA:9,1
DA:10,1
DA:11,1
DA:12,1
DA:13,1
DA:14,1
DA:15,1
DA:16,1
DA:17,1
DA:18,1
DA:19,1
DA:20,1
DA:21,1
DA:22,1
DA:23,1
DA:24,1
DA:25,1
DA:26,1
DA:27,1
DA:28,1
DA:29,1
DA:30,1
DA:31,1
DA:32,1
DA:33,1
DA:34,1
DA:35,1
DA:36,1
DA:37,1
DA:38,1
DA:39,1
DA:40,1
DA:41,1
DA:42,1
DA:43,1
DA:44,1
DA:45,1
DA:46,1
DA:47,1
DA:48,1
DA:49,1
DA:50,1
DA:51,1
DA:52,1
DA:53,1
DA:54,1
DA:55,1
DA:56,1
DA:57,1
DA:58,1
DA:59,1
DA:60,1
DA:61,1
DA:62,1
LF:62
LH:62
BRF:0
BRH:0
end_of_record
TN:
SF:src/parsers.js
FN:5,getPath
FN:12,default
FNF:2
FNH:2
FNDA:10,getPath
FNDA:10,default
DA:1,1
DA:2,1
DA:3,1
DA:4,1
DA:5,1
DA:6,10
DA:7,0
DA:8,0
DA:9,10
DA:10,10
DA:11,1
DA:12,1
DA:13,10
DA:14,10
DA:15,6
DA:16,6
DA:17,10
DA:18,4
DA:19,4
DA:20,0
DA:21,0
LF:21
LH:17
BRDA:5,0,0,10
BRDA:6,1,0,0
BRDA:12,2,0,10
BRDA:14,3,0,6
BRDA:17,4,0,4
BRDA:17,5,0,0
BRDA:17,6,0,4
BRDA:20,7,0,0
BRF:8
BRH:5
end_of_record
TN:
SF:src/formatters/index.js
FN:5,getFormatter
FNF:1
FNH:1
FNDA:5,getFormatter
DA:1,1
DA:2,1
DA:3,1
DA:4,1
DA:5,1
DA:6,5
DA:7,2
DA:8,2
DA:9,5
DA:10,1
DA:11,1
DA:12,2
DA:13,2
DA:14,1
DA:15,1
LF:15
LH:15
BRDA:5,0,0,5
BRDA:6,1,0,2
BRDA:9,2,0,3
BRDA:9,3,0,1
BRDA:12,4,0,2
BRF:5
BRH:5
end_of_record
TN:
SF:src/formatters/json.js
FN:3,default
FNF:1
FNH:1
FNDA:1,default
DA:1,1
DA:2,1
DA:3,1
LF:3
LH:3
BRDA:3,0,0,1
BRF:1
BRH:1
end_of_record
TN:
SF:src/formatters/plain.js
FN:3,getValue
FN:13,getStyle
FN:38,default
FNF:3
FNH:3
FNDA:26,getValue
FNDA:36,getStyle
FNDA:2,default
DA:1,1
DA:2,1
DA:3,1
DA:4,26
DA:5,20
DA:6,14
DA:7,14
DA:8,6
DA:9,6
DA:10,6
DA:11,6
DA:12,1
DA:13,1
DA:14,36
DA:15,36
DA:16,36
DA:17,36
DA:18,36
DA:19,36
DA:20,36
DA:21,36
DA:22,36
DA:23,8
DA:24,8
DA:25,28
DA:26,36
DA:27,4
DA:28,4
DA:29,36
DA:30,10
DA:31,10
DA:32,36
DA:33,8
DA:34,8
DA:35,6
DA:36,6
DA:37,1
DA:38,1
DA:39,2
DA:40,2
DA:41,2
LF:41
LH:41
BRDA:3,0,0,26
BRDA:4,1,0,20
BRDA:5,2,0,14
BRDA:8,3,0,6
BRDA:10,4,0,6
BRDA:13,5,0,36
BRDA:22,6,0,8
BRDA:25,7,0,28
BRDA:26,8,0,4
BRDA:29,9,0,24
BRDA:29,10,0,10
BRDA:32,11,0,14
BRDA:32,12,0,8
BRDA:35,13,0,6
BRDA:23,14,0,28
BRDA:38,15,0,2
BRDA:39,16,0,8
BRF:17
BRH:17
end_of_record
TN:
SF:src/formatters/stylish.js
FN:3,getReplacer
FN:5,getValue
FN:15,getStyle
FN:45,default
FNF:4
FNH:4
FNDA:80,getReplacer
FNDA:54,getValue
FNDA:36,getStyle
FNDA:2,default
DA:1,1
DA:2,1
DA:3,1
DA:4,1
DA:5,1
DA:6,54
DA:7,40
DA:8,40
DA:9,14
DA:10,14
DA:11,14
DA:12,14
DA:13,14
DA:14,1
DA:15,1
DA:16,36
DA:17,36
DA:18,36
DA:19,36
DA:20,36
DA:21,36
DA:22,36
DA:23,36
DA:24,36
DA:25,36
DA:26,36
DA:27,36
DA:28,36
DA:29,36
DA:30,8
DA:31,8
DA:32,8
DA:33,36
DA:34,4
DA:35,4
DA:36,36
DA:37,10
DA:38,10
DA:39,36
DA:40,6
DA:41,6
DA:42,8
DA:43,8
DA:44,1
DA:45,1
DA:46,2
DA:47,2
DA:48,2
LF:48
LH:48
BRDA:3,0,0,80
BRDA:5,1,0,54
BRDA:6,2,0,40
BRDA:9,3,0,14
BRDA:11,4,0,18
BRDA:15,5,0,36
BRDA:29,6,0,8
BRDA:33,7,0,28
BRDA:33,8,0,4
BRDA:36,9,0,24
BRDA:36,10,0,10
BRDA:39,11,0,14
BRDA:39,12,0,6
BRDA:42,13,0,8
BRDA:30,14,0,28
BRDA:45,15,0,2
BRDA:46,16,0,8
BRF:17
BRH:17
end_of_record
